<?xml version="1.0" encoding="UTF-8"?>
<!-- Generated by org.testng.reporters.JUnitReportReporter -->
<testsuite hostname="KRUPA" failures="0" tests="4" name="api.test.UserTests" time="15.119" errors="0" timestamp="2025-10-29T13:36:02 IST" skipped="0">
  <testcase classname="api.test.UserTests" name="testPostUser" time="2.793"/>
  <testcase classname="api.test.UserTests" name="testGetUserByName" time="9.131"/>
  <testcase classname="api.test.UserTests" name="testUpdateUserByName" time="2.110"/>
  <testcase classname="api.test.UserTests" name="testDeleteUserByName" time="1.085"/>
</testsuite> <!-- api.test.UserTests -->
